\BOOKMARK [0][-]{chapter.1}{Einleitung}{}% 1
\BOOKMARK [1][-]{section.1.1}{Ausgangslage}{chapter.1}% 2
\BOOKMARK [1][-]{section.1.2}{Zielsetzung / Aufgabenstellung / Anforderungen}{chapter.1}% 3
\BOOKMARK [0][-]{chapter.2}{Verzeichnisse}{}% 4
\BOOKMARK [1][-]{chapter*.8}{Literaturverzeichnis}{chapter.2}% 5
\BOOKMARK [1][-]{chapter*.9}{\(Abbildungsverzeichnis\)}{chapter.2}% 6
\BOOKMARK [1][-]{chapter*.10}{\(Tabellenverzeichnis\)}{chapter.2}% 7
\BOOKMARK [1][-]{chapter*.11}{\(Abk\374rzungsverzeichnis\)}{chapter.2}% 8
\BOOKMARK [1][-]{chapter*.12}{\(Listingverzeichnis\)}{chapter.2}% 9
\BOOKMARK [0][-]{appendix.A}{Anhang}{}% 10
\BOOKMARK [1][-]{section.A.1}{Projektmanagement}{appendix.A}% 11
\BOOKMARK [1][-]{section.A.2}{Weiteres}{appendix.A}% 12
\BOOKMARK [1][-]{appendix*.13}{\(Abk\374rzungsverzeichnis\)}{appendix.A}% 13
\BOOKMARK [0][-]{appendix.B}{LaTeX Kurzanleitung}{}% 14
\BOOKMARK [1][-]{section.B.1}{Visio Vektorgraphik einf\374gen}{appendix.B}% 15
\BOOKMARK [2][-]{subsection.B.1.1}{Graphiken in LaTeX zuschneiden}{section.B.1}% 16
\BOOKMARK [2][-]{subsection.B.1.2}{Mehrere Bilder nebeneinander}{section.B.1}% 17
\BOOKMARK [1][-]{section.B.2}{Tabellen aufbauen}{appendix.B}% 18
\BOOKMARK [1][-]{section.B.3}{Code Listings aufbauen}{appendix.B}% 19
\BOOKMARK [1][-]{section.B.4}{Citation nach IEEE}{appendix.B}% 20
\BOOKMARK [0][-]{appendix.C}{Einleitung}{}% 21
\BOOKMARK [1][-]{section.C.1}{Ausgangslage}{appendix.C}% 22
\BOOKMARK [1][-]{section.C.2}{Zielsetzung / Aufgabenstellung / Anforderungen}{appendix.C}% 23
\BOOKMARK [0][-]{appendix.D}{\(Theoretische Grundlagen\)}{}% 24
\BOOKMARK [0][-]{appendix.E}{Vorgehen / Methoden}{}% 25
\BOOKMARK [1][-]{section.E.1}{\(Verwendete Software\)}{appendix.E}% 26
\BOOKMARK [0][-]{appendix.F}{Resultate}{}% 27
\BOOKMARK [0][-]{appendix.G}{Diskussion und Ausblick}{}% 28
\BOOKMARK [0][-]{appendix.H}{Verzeichnisse}{}% 29
\BOOKMARK [1][-]{appendix*.14}{Literaturverzeichnis}{appendix.H}% 30
\BOOKMARK [1][-]{appendix*.15}{\(Abbildungsverzeichnis\)}{appendix.H}% 31
\BOOKMARK [1][-]{appendix*.16}{\(Tabellenverzeichnis\)}{appendix.H}% 32
\BOOKMARK [1][-]{appendix*.17}{\(Abk\374rzungsverzeichnis\)}{appendix.H}% 33
\BOOKMARK [1][-]{appendix*.18}{\(Listingverzeichnis\)}{appendix.H}% 34
\BOOKMARK [0][-]{appendix.A}{Anhang}{}% 35
\BOOKMARK [1][-]{section.A.1}{Projektmanagement}{appendix.A}% 36
\BOOKMARK [1][-]{section.A.2}{Weiteres}{appendix.A}% 37
