


ARM Macro Assembler    Page 1 


    1 00000000         ; <<< Use Configuration Wizard in Context Menu >>>
    2 00000000         ;*******************************************************
                       ***********************
    3 00000000         ;
    4 00000000         ; Startup.s - Startup code for Stellaris.
    5 00000000         ;
    6 00000000         ; Copyright (c) 2011 Texas Instruments Incorporated.  Al
                       l rights reserved.
    7 00000000         ; Software License Agreement
    8 00000000         ; 
    9 00000000         ; Texas Instruments (TI) is supplying this software for 
                       use solely and
   10 00000000         ; exclusively on TI's microcontroller products. The soft
                       ware is owned by
   11 00000000         ; TI and/or its suppliers, and is protected under applic
                       able copyright
   12 00000000         ; laws. You may not combine this software with "viral" o
                       pen-source
   13 00000000         ; software in order to form a larger program.
   14 00000000         ; 
   15 00000000         ; THIS SOFTWARE IS PROVIDED "AS IS" AND WITH ALL FAULTS.
                       
   16 00000000         ; NO WARRANTIES, WHETHER EXPRESS, IMPLIED OR STATUTORY, 
                       INCLUDING, BUT
   17 00000000         ; NOT LIMITED TO, IMPLIED WARRANTIES OF MERCHANTABILITY 
                       AND FITNESS FOR
   18 00000000         ; A PARTICULAR PURPOSE APPLY TO THIS SOFTWARE. TI SHALL 
                       NOT, UNDER ANY
   19 00000000         ; CIRCUMSTANCES, BE LIABLE FOR SPECIAL, INCIDENTAL, OR C
                       ONSEQUENTIAL
   20 00000000         ; DAMAGES, FOR ANY REASON WHATSOEVER.
   21 00000000         ; 
   22 00000000         ; This is part of revision 7860 of the Stellaris Periphe
                       ral Driver Library.
   23 00000000         ;
   24 00000000         ;*******************************************************
                       ***********************
   25 00000000         
   26 00000000         ;*******************************************************
                       ***********************
   27 00000000         ;
   28 00000000         ; <o> Stack Size (in Bytes) <0x0-0xFFFFFFFF:8>
   29 00000000         ;
   30 00000000         ;*******************************************************
                       ***********************
   31 00000000 00000400 
                       Stack   EQU              0x00000400
   32 00000000         
   33 00000000         ;*******************************************************
                       ***********************
   34 00000000         ;
   35 00000000         ; <o> Heap Size (in Bytes) <0x0-0xFFFFFFFF:8>
   36 00000000         ;
   37 00000000         ;*******************************************************
                       ***********************
   38 00000000 00001000 
                       Heap    EQU              0x00001000
   39 00000000         
   40 00000000         ;*******************************************************



ARM Macro Assembler    Page 2 


                       ***********************
   41 00000000         ;
   42 00000000         ; Allocate space for the stack.
   43 00000000         ;
   44 00000000         ;*******************************************************
                       ***********************
   45 00000000                 AREA             STACK, NOINIT, READWRITE, ALIGN
=3
   46 00000000         StackMem
   47 00000000                 SPACE            Stack
   48 00000400         __initial_sp
   49 00000400         
   50 00000400         ;*******************************************************
                       ***********************
   51 00000400         ;
   52 00000400         ; Allocate space for the heap.
   53 00000400         ;
   54 00000400         ;*******************************************************
                       ***********************
   55 00000400                 AREA             HEAP, NOINIT, READWRITE, ALIGN=
3
   56 00000000         __heap_base
   57 00000000         HeapMem
   58 00000000                 SPACE            Heap
   59 00001000         __heap_limit
   60 00001000         
   61 00001000         ;*******************************************************
                       ***********************
   62 00001000         ;
   63 00001000         ; Indicate that the code in this file preserves 8-byte a
                       lignment of the stack.
   64 00001000         ;
   65 00001000         ;*******************************************************
                       ***********************
   66 00001000                 PRESERVE8
   67 00001000         
   68 00001000         ;*******************************************************
                       ***********************
   69 00001000         ;
   70 00001000         ; Place code into the reset code section.
   71 00001000         ;
   72 00001000         ;*******************************************************
                       ***********************
   73 00001000                 AREA             RESET, CODE, READONLY
   74 00000000                 THUMB
   75 00000000         
   76 00000000         ;*******************************************************
                       ***********************
   77 00000000         ;
   78 00000000         ; The vector table.
   79 00000000         ;
   80 00000000         ;*******************************************************
                       ***********************
   81 00000000                 EXPORT           __Vectors
   82 00000000                 EXTERN           SVC_Handler
   83 00000000                 EXTERN           SysTick_Handler
   84 00000000                 EXTERN           UARTStdioIntHandler
   85 00000000                 EXTERN           SoundIntHandler
   86 00000000         __Vectors



ARM Macro Assembler    Page 3 


   87 00000000 00000400        DCD              StackMem + Stack ; Top of Stack
                                                            
   88 00000004 00000000        DCD              Reset_Handler ; Reset Handler
   89 00000008 00000000        DCD              NmiSR       ; NMI Handler
   90 0000000C 00000000        DCD              FaultISR    ; Hard Fault Handle
                                                            r
   91 00000010 00000000        DCD              IntDefaultHandler 
                                                            ; MPU Fault Handler
                                                            
   92 00000014 00000000        DCD              IntDefaultHandler 
                                                            ; Bus Fault Handler
                                                            
   93 00000018 00000000        DCD              IntDefaultHandler ; Usage Fault
                                                             Handler
   94 0000001C 00000000        DCD              0           ; Reserved
   95 00000020 00000000        DCD              0           ; Reserved
   96 00000024 00000000        DCD              0           ; Reserved
   97 00000028 00000000        DCD              0           ; Reserved
   98 0000002C 00000000        DCD              SVC_Handler ; SVCall handler
   99 00000030 00000000        DCD              IntDefaultHandler ; Debug monit
                                                            or handler
  100 00000034 00000000        DCD              0           ; Reserved
  101 00000038 00000000        DCD              IntDefaultHandler 
                                                            ; PendSV Handler
  102 0000003C 00000000        DCD              SysTick_Handler 
                                                            ; SysTick Handler
  103 00000040 00000000        DCD              IntDefaultHandler ; GPIO Port A
                                                            
  104 00000044 00000000        DCD              IntDefaultHandler ; GPIO Port B
                                                            
  105 00000048 00000000        DCD              IntDefaultHandler ; GPIO Port C
                                                            
  106 0000004C 00000000        DCD              IntDefaultHandler ; GPIO Port D
                                                            
  107 00000050 00000000        DCD              IntDefaultHandler ; GPIO Port E
                                                            
  108 00000054 00000000        DCD              UARTStdioIntHandler 
                                                            ; UART0 Rx and Tx
  109 00000058 00000000        DCD              IntDefaultHandler 
                                                            ; UART1 Rx and Tx
  110 0000005C 00000000        DCD              IntDefaultHandler 
                                                            ; SSI0 Rx and Tx
  111 00000060 00000000        DCD              IntDefaultHandler ; I2C0 Master
                                                             and Slave
  112 00000064 00000000        DCD              IntDefaultHandler ; PWM Fault
  113 00000068 00000000        DCD              IntDefaultHandler 
                                                            ; PWM Generator 0
  114 0000006C 00000000        DCD              IntDefaultHandler 
                                                            ; PWM Generator 1
  115 00000070 00000000        DCD              IntDefaultHandler 
                                                            ; PWM Generator 2
  116 00000074 00000000        DCD              IntDefaultHandler ; Quadrature 
                                                            Encoder 0
  117 00000078 00000000        DCD              IntDefaultHandler 
                                                            ; ADC Sequence 0
  118 0000007C 00000000        DCD              IntDefaultHandler 
                                                            ; ADC Sequence 1
  119 00000080 00000000        DCD              IntDefaultHandler 
                                                            ; ADC Sequence 2



ARM Macro Assembler    Page 4 


  120 00000084 00000000        DCD              IntDefaultHandler 
                                                            ; ADC Sequence 3
  121 00000088 00000000        DCD              IntDefaultHandler 
                                                            ; Watchdog timer
  122 0000008C 00000000        DCD              IntDefaultHandler ; Timer 0 sub
                                                            timer A
  123 00000090 00000000        DCD              IntDefaultHandler ; Timer 0 sub
                                                            timer B
  124 00000094 00000000        DCD              IntDefaultHandler ; Timer 1 sub
                                                            timer A
  125 00000098 00000000        DCD              IntDefaultHandler ; Timer 1 sub
                                                            timer B
  126 0000009C 00000000        DCD              IntDefaultHandler ; Timer 2 sub
                                                            timer A
  127 000000A0 00000000        DCD              IntDefaultHandler ; Timer 2 sub
                                                            timer B
  128 000000A4 00000000        DCD              IntDefaultHandler ; Analog Comp
                                                            arator 0
  129 000000A8 00000000        DCD              IntDefaultHandler ; Analog Comp
                                                            arator 1
  130 000000AC 00000000        DCD              IntDefaultHandler ; Analog Comp
                                                            arator 2
  131 000000B0 00000000        DCD              IntDefaultHandler ; System Cont
                                                            rol (PLL, OSC, BO)
  132 000000B4 00000000        DCD              IntDefaultHandler 
                                                            ; FLASH Control
  133 000000B8 00000000        DCD              IntDefaultHandler ; GPIO Port F
                                                            
  134 000000BC 00000000        DCD              IntDefaultHandler ; GPIO Port G
                                                            
  135 000000C0 00000000        DCD              IntDefaultHandler ; GPIO Port H
                                                            
  136 000000C4 00000000        DCD              IntDefaultHandler 
                                                            ; UART2 Rx and Tx
  137 000000C8 00000000        DCD              IntDefaultHandler 
                                                            ; SSI1 Rx and Tx
  138 000000CC 00000000        DCD              IntDefaultHandler ; Timer 3 sub
                                                            timer A
  139 000000D0 00000000        DCD              IntDefaultHandler ; Timer 3 sub
                                                            timer B
  140 000000D4 00000000        DCD              IntDefaultHandler ; I2C1 Master
                                                             and Slave
  141 000000D8 00000000        DCD              IntDefaultHandler ; Quadrature 
                                                            Encoder 1
  142 000000DC 00000000        DCD              IntDefaultHandler ; CAN0
  143 000000E0 00000000        DCD              IntDefaultHandler ; CAN1
  144 000000E4 00000000        DCD              IntDefaultHandler ; CAN2
  145 000000E8 00000000        DCD              IntDefaultHandler ; Ethernet
  146 000000EC 00000000        DCD              IntDefaultHandler ; Hibernate
  147 000000F0 00000000        DCD              IntDefaultHandler ; USB0
  148 000000F4 00000000        DCD              IntDefaultHandler 
                                                            ; PWM Generator 3
  149 000000F8 00000000        DCD              IntDefaultHandler ; uDMA Softwa
                                                            re Transfer
  150 000000FC 00000000        DCD              IntDefaultHandler ; uDMA Error
  151 00000100 00000000        DCD              IntDefaultHandler 
                                                            ; ADC1 Sequence 0
  152 00000104 00000000        DCD              IntDefaultHandler 
                                                            ; ADC1 Sequence 1



ARM Macro Assembler    Page 5 


  153 00000108 00000000        DCD              IntDefaultHandler 
                                                            ; ADC1 Sequence 2
  154 0000010C 00000000        DCD              IntDefaultHandler 
                                                            ; ADC1 Sequence 3
  155 00000110 00000000        DCD              SoundIntHandler ; I2S0
  156 00000114 00000000        DCD              IntDefaultHandler ; External Bu
                                                            s Interface 0
  157 00000118 00000000        DCD              IntDefaultHandler ; GPIO Port J
                                                            
  158 0000011C 00000000        DCD              IntDefaultHandler ; GPIO Port K
                                                            
  159 00000120 00000000        DCD              IntDefaultHandler ; GPIO Port L
                                                            
  160 00000124 00000000        DCD              IntDefaultHandler 
                                                            ; SSI2 Rx and Tx
  161 00000128 00000000        DCD              IntDefaultHandler 
                                                            ; SSI3 Rx and Tx
  162 0000012C 00000000        DCD              IntDefaultHandler 
                                                            ; UART3 Rx and Tx
  163 00000130 00000000        DCD              IntDefaultHandler 
                                                            ; UART4 Rx and Tx
  164 00000134 00000000        DCD              IntDefaultHandler 
                                                            ; UART5 Rx and Tx
  165 00000138 00000000        DCD              IntDefaultHandler 
                                                            ; UART6 Rx and Tx
  166 0000013C 00000000        DCD              IntDefaultHandler 
                                                            ; UART7 Rx and Tx
  167 00000140 00000000        DCD              0           ; Reserved
  168 00000144 00000000        DCD              0           ; Reserved
  169 00000148 00000000        DCD              0           ; Reserved
  170 0000014C 00000000        DCD              0           ; Reserved
  171 00000150 00000000        DCD              IntDefaultHandler ; I2C2 Master
                                                             and Slave
  172 00000154 00000000        DCD              IntDefaultHandler ; I2C3 Master
                                                             and Slave
  173 00000158 00000000        DCD              IntDefaultHandler ; Timer 4 sub
                                                            timer A
  174 0000015C 00000000        DCD              IntDefaultHandler ; Timer 4 sub
                                                            timer B
  175 00000160 00000000        DCD              0           ; Reserved
  176 00000164 00000000        DCD              0           ; Reserved
  177 00000168 00000000        DCD              0           ; Reserved
  178 0000016C 00000000        DCD              0           ; Reserved
  179 00000170 00000000        DCD              0           ; Reserved
  180 00000174 00000000        DCD              0           ; Reserved
  181 00000178 00000000        DCD              0           ; Reserved
  182 0000017C 00000000        DCD              0           ; Reserved
  183 00000180 00000000        DCD              0           ; Reserved
  184 00000184 00000000        DCD              0           ; Reserved
  185 00000188 00000000        DCD              0           ; Reserved
  186 0000018C 00000000        DCD              0           ; Reserved
  187 00000190 00000000        DCD              0           ; Reserved
  188 00000194 00000000        DCD              0           ; Reserved
  189 00000198 00000000        DCD              0           ; Reserved
  190 0000019C 00000000        DCD              0           ; Reserved
  191 000001A0 00000000        DCD              0           ; Reserved
  192 000001A4 00000000        DCD              0           ; Reserved
  193 000001A8 00000000        DCD              0           ; Reserved
  194 000001AC 00000000        DCD              0           ; Reserved



ARM Macro Assembler    Page 6 


  195 000001B0 00000000        DCD              IntDefaultHandler ; Timer 5 sub
                                                            timer A
  196 000001B4 00000000        DCD              IntDefaultHandler ; Timer 5 sub
                                                            timer B
  197 000001B8 00000000        DCD              IntDefaultHandler ; Wide Timer 
                                                            0 subtimer A
  198 000001BC 00000000        DCD              IntDefaultHandler ; Wide Timer 
                                                            0 subtimer B
  199 000001C0 00000000        DCD              IntDefaultHandler ; Wide Timer 
                                                            1 subtimer A
  200 000001C4 00000000        DCD              IntDefaultHandler ; Wide Timer 
                                                            1 subtimer B
  201 000001C8 00000000        DCD              IntDefaultHandler ; Wide Timer 
                                                            2 subtimer A
  202 000001CC 00000000        DCD              IntDefaultHandler ; Wide Timer 
                                                            2 subtimer B
  203 000001D0 00000000        DCD              IntDefaultHandler ; Wide Timer 
                                                            3 subtimer A
  204 000001D4 00000000        DCD              IntDefaultHandler ; Wide Timer 
                                                            3 subtimer B
  205 000001D8 00000000        DCD              IntDefaultHandler ; Wide Timer 
                                                            4 subtimer A
  206 000001DC 00000000        DCD              IntDefaultHandler ; Wide Timer 
                                                            4 subtimer B
  207 000001E0 00000000        DCD              IntDefaultHandler ; Wide Timer 
                                                            5 subtimer A
  208 000001E4 00000000        DCD              IntDefaultHandler ; Wide Timer 
                                                            5 subtimer B
  209 000001E8 00000000        DCD              IntDefaultHandler ; FPU
  210 000001EC 00000000        DCD              IntDefaultHandler ; PECI 0
  211 000001F0 00000000        DCD              IntDefaultHandler ; LPC 0
  212 000001F4 00000000        DCD              IntDefaultHandler ; I2C4 Master
                                                             and Slave
  213 000001F8 00000000        DCD              IntDefaultHandler ; I2C5 Master
                                                             and Slave
  214 000001FC 00000000        DCD              IntDefaultHandler ; GPIO Port M
                                                            
  215 00000200 00000000        DCD              IntDefaultHandler ; GPIO Port N
                                                            
  216 00000204 00000000        DCD              IntDefaultHandler ; Quadrature 
                                                            Encoder 2
  217 00000208 00000000        DCD              IntDefaultHandler ; Fan 0
  218 0000020C 00000000        DCD              0           ; Reserved
  219 00000210 00000000        DCD              IntDefaultHandler ; GPIO Port P
                                                             (Summary or P0)
  220 00000214 00000000        DCD              IntDefaultHandler 
                                                            ; GPIO Port P1
  221 00000218 00000000        DCD              IntDefaultHandler 
                                                            ; GPIO Port P2
  222 0000021C 00000000        DCD              IntDefaultHandler 
                                                            ; GPIO Port P3
  223 00000220 00000000        DCD              IntDefaultHandler 
                                                            ; GPIO Port P4
  224 00000224 00000000        DCD              IntDefaultHandler 
                                                            ; GPIO Port P5
  225 00000228 00000000        DCD              IntDefaultHandler 
                                                            ; GPIO Port P6
  226 0000022C 00000000        DCD              IntDefaultHandler 
                                                            ; GPIO Port P7



ARM Macro Assembler    Page 7 


  227 00000230 00000000        DCD              IntDefaultHandler ; GPIO Port Q
                                                             (Summary or Q0)
  228 00000234 00000000        DCD              IntDefaultHandler 
                                                            ; GPIO Port Q1
  229 00000238 00000000        DCD              IntDefaultHandler 
                                                            ; GPIO Port Q2
  230 0000023C 00000000        DCD              IntDefaultHandler 
                                                            ; GPIO Port Q3
  231 00000240 00000000        DCD              IntDefaultHandler 
                                                            ; GPIO Port Q4
  232 00000244 00000000        DCD              IntDefaultHandler 
                                                            ; GPIO Port Q5
  233 00000248 00000000        DCD              IntDefaultHandler 
                                                            ; GPIO Port Q6
  234 0000024C 00000000        DCD              IntDefaultHandler 
                                                            ; GPIO Port Q7
  235 00000250 00000000        DCD              IntDefaultHandler ; GPIO Port R
                                                            
  236 00000254 00000000        DCD              IntDefaultHandler ; GPIO Port S
                                                            
  237 00000258 00000000        DCD              IntDefaultHandler 
                                                            ; PWM 1 Generator 0
                                                            
  238 0000025C 00000000        DCD              IntDefaultHandler 
                                                            ; PWM 1 Generator 1
                                                            
  239 00000260 00000000        DCD              IntDefaultHandler 
                                                            ; PWM 1 Generator 2
                                                            
  240 00000264 00000000        DCD              IntDefaultHandler 
                                                            ; PWM 1 Generator 3
                                                            
  241 00000268 00000000        DCD              IntDefaultHandler ; PWM 1 Fault
                                                            
  242 0000026C         
  243 0000026C         ;*******************************************************
                       ***********************
  244 0000026C         ;
  245 0000026C         ; This is the code that gets called when the processor f
                       irst starts execution
  246 0000026C         ; following a reset event.
  247 0000026C         ;
  248 0000026C         ;*******************************************************
                       ***********************
  249 0000026C                 EXPORT           Reset_Handler
  250 0000026C         Reset_Handler
  251 0000026C         ;
  252 0000026C         ; Call the C library enty point that handles startup.  T
                       his will copy
  253 0000026C         ; the .data section initializers from flash to SRAM and 
                       zero fill the
  254 0000026C         ; .bss section.
  255 0000026C         ;
  256 0000026C                 IMPORT           __main
  257 0000026C         
  258 0000026C                 IF               {CPU} = "Cortex-M4.fp"
  263                          ENDIF
  264 0000026C         
  265 0000026C F7FF BFFE       B                __main



ARM Macro Assembler    Page 8 


  266 00000270         
  267 00000270         ;*******************************************************
                       ***********************
  268 00000270         ;
  269 00000270         ; This is the code that gets called when the processor r
                       eceives a NMI.  This
  270 00000270         ; simply enters an infinite loop, preserving the system 
                       state for examination
  271 00000270         ; by a debugger.
  272 00000270         ;
  273 00000270         ;*******************************************************
                       ***********************
  274 00000270         NmiSR
  275 00000270 E7FE            B                NmiSR
  276 00000272         
  277 00000272         ;*******************************************************
                       ***********************
  278 00000272         ;
  279 00000272         ; This is the code that gets called when the processor r
                       eceives a fault
  280 00000272         ; interrupt.  This simply enters an infinite loop, prese
                       rving the system state
  281 00000272         ; for examination by a debugger.
  282 00000272         ;
  283 00000272         ;*******************************************************
                       ***********************
  284 00000272         FaultISR
  285 00000272 E7FE            B                FaultISR
  286 00000274         
  287 00000274         ;*******************************************************
                       ***********************
  288 00000274         ;
  289 00000274         ; This is the code that gets called when the processor r
                       eceives an unexpected
  290 00000274         ; interrupt.  This simply enters an infinite loop, prese
                       rving the system state
  291 00000274         ; for examination by a debugger.
  292 00000274         ;
  293 00000274         ;*******************************************************
                       ***********************
  294 00000274         IntDefaultHandler
  295 00000274 E7FE            B                IntDefaultHandler
  296 00000276         
  297 00000276         ;*******************************************************
                       ***********************
  298 00000276         ;
  299 00000276         ; Make sure the end of this section is aligned.
  300 00000276         ;
  301 00000276         ;*******************************************************
                       ***********************
  302 00000276 00 00           ALIGN
  303 00000278         
  304 00000278         ;*******************************************************
                       ***********************
  305 00000278         ;
  306 00000278         ; Some code in the normal code section for initializing 
                       the heap and stack.
  307 00000278         ;
  308 00000278         ;*******************************************************



ARM Macro Assembler    Page 9 


                       ***********************
  309 00000278                 AREA             |.text|, CODE, READONLY
  310 00000000         
  311 00000000         ;*******************************************************
                       ***********************
  312 00000000         ;
  313 00000000         ; The function expected of the C library startup code fo
                       r defining the stack
  314 00000000         ; and heap memory locations.  For the C library version 
                       of the startup code,
  315 00000000         ; provide this function so that the C library initializa
                       tion code can find out
  316 00000000         ; the location of the stack and heap.
  317 00000000         ;
  318 00000000         ;*******************************************************
                       ***********************
  319 00000000                 IF               :DEF: __MICROLIB
  324 00000000                 IMPORT           __use_two_region_memory
  325 00000000                 EXPORT           __user_initial_stackheap
  326 00000000         __user_initial_stackheap
  327 00000000 4802            LDR              R0, =HeapMem
  328 00000002 4903            LDR              R1, =(StackMem + Stack)
  329 00000004 4A03            LDR              R2, =(HeapMem + Heap)
  330 00000006 4B04            LDR              R3, =StackMem
  331 00000008 4770            BX               LR
  332 0000000A                 ENDIF
  333 0000000A         
  334 0000000A         ;*******************************************************
                       ***********************
  335 0000000A         ;
  336 0000000A         ; Make sure the end of this section is aligned.
  337 0000000A         ;
  338 0000000A         ;*******************************************************
                       ***********************
  339 0000000A 00 00           ALIGN
  340 0000000C         
  341 0000000C         ;*******************************************************
                       ***********************
  342 0000000C         ;
  343 0000000C         ; Tell the assembler that we're done.
  344 0000000C         ;
  345 0000000C         ;*******************************************************
                       ***********************
  346 0000000C                 END
              00000000 
              00000400 
              00001000 
              00000000 
Command Line: --debug --xref --cpu=Cortex-M3 --apcs=interwork --depend=.\startu
p.d -o.\startup.o -IC:\Keil\ARM\RV31\INC -IC:\Keil\ARM\CMSIS\Include -IC:\Keil\
ARM\Inc\Luminary --predefine="__RTX SETA 1" --list=.\startup.lst Startup.s



ARM Macro Assembler    Page 1 Alphabetic symbol ordering
Relocatable symbols

STACK 00000000

Symbol: STACK
   Definitions
      At line 45 in file Startup.s
   Uses
      None
Comment: STACK unused
StackMem 00000000

Symbol: StackMem
   Definitions
      At line 46 in file Startup.s
   Uses
      At line 87 in file Startup.s
      At line 328 in file Startup.s
      At line 330 in file Startup.s

__initial_sp 00000400

Symbol: __initial_sp
   Definitions
      At line 48 in file Startup.s
   Uses
      None
Comment: __initial_sp unused
3 symbols



ARM Macro Assembler    Page 1 Alphabetic symbol ordering
Relocatable symbols

HEAP 00000000

Symbol: HEAP
   Definitions
      At line 55 in file Startup.s
   Uses
      None
Comment: HEAP unused
HeapMem 00000000

Symbol: HeapMem
   Definitions
      At line 57 in file Startup.s
   Uses
      At line 327 in file Startup.s
      At line 329 in file Startup.s

__heap_base 00000000

Symbol: __heap_base
   Definitions
      At line 56 in file Startup.s
   Uses
      None
Comment: __heap_base unused
__heap_limit 00001000

Symbol: __heap_limit
   Definitions
      At line 59 in file Startup.s
   Uses
      None
Comment: __heap_limit unused
4 symbols



ARM Macro Assembler    Page 1 Alphabetic symbol ordering
Relocatable symbols

FaultISR 00000272

Symbol: FaultISR
   Definitions
      At line 284 in file Startup.s
   Uses
      At line 90 in file Startup.s
      At line 285 in file Startup.s

IntDefaultHandler 00000274

Symbol: IntDefaultHandler
   Definitions
      At line 294 in file Startup.s
   Uses
      At line 91 in file Startup.s
      At line 92 in file Startup.s
      At line 93 in file Startup.s
      At line 99 in file Startup.s
      At line 101 in file Startup.s
      At line 103 in file Startup.s
      At line 104 in file Startup.s
      At line 105 in file Startup.s
      At line 106 in file Startup.s
      At line 107 in file Startup.s
      At line 109 in file Startup.s
      At line 110 in file Startup.s
      At line 111 in file Startup.s
      At line 112 in file Startup.s
      At line 113 in file Startup.s
      At line 114 in file Startup.s
      At line 115 in file Startup.s
      At line 116 in file Startup.s
      At line 117 in file Startup.s
      At line 118 in file Startup.s
      At line 119 in file Startup.s
      At line 120 in file Startup.s
      At line 121 in file Startup.s
      At line 122 in file Startup.s
      At line 123 in file Startup.s
      At line 124 in file Startup.s
      At line 125 in file Startup.s
      At line 126 in file Startup.s
      At line 127 in file Startup.s
      At line 128 in file Startup.s
      At line 129 in file Startup.s
      At line 130 in file Startup.s
      At line 131 in file Startup.s
      At line 132 in file Startup.s
      At line 133 in file Startup.s
      At line 134 in file Startup.s
      At line 135 in file Startup.s
      At line 136 in file Startup.s
      At line 137 in file Startup.s
      At line 138 in file Startup.s
      At line 139 in file Startup.s
      At line 140 in file Startup.s
      At line 141 in file Startup.s
      At line 142 in file Startup.s



ARM Macro Assembler    Page 2 Alphabetic symbol ordering
Relocatable symbols

      At line 143 in file Startup.s
      At line 144 in file Startup.s
      At line 145 in file Startup.s
      At line 146 in file Startup.s
      At line 147 in file Startup.s
      At line 148 in file Startup.s
      At line 149 in file Startup.s
      At line 150 in file Startup.s
      At line 151 in file Startup.s
      At line 152 in file Startup.s
      At line 153 in file Startup.s
      At line 154 in file Startup.s
      At line 156 in file Startup.s
      At line 157 in file Startup.s
      At line 158 in file Startup.s
      At line 159 in file Startup.s
      At line 160 in file Startup.s
      At line 161 in file Startup.s
      At line 162 in file Startup.s
      At line 163 in file Startup.s
      At line 164 in file Startup.s
      At line 165 in file Startup.s
      At line 166 in file Startup.s
      At line 171 in file Startup.s
      At line 172 in file Startup.s
      At line 173 in file Startup.s
      At line 174 in file Startup.s
      At line 195 in file Startup.s
      At line 196 in file Startup.s
      At line 197 in file Startup.s
      At line 198 in file Startup.s
      At line 199 in file Startup.s
      At line 200 in file Startup.s
      At line 201 in file Startup.s
      At line 202 in file Startup.s
      At line 203 in file Startup.s
      At line 204 in file Startup.s
      At line 205 in file Startup.s
      At line 206 in file Startup.s
      At line 207 in file Startup.s
      At line 208 in file Startup.s
      At line 209 in file Startup.s
      At line 210 in file Startup.s
      At line 211 in file Startup.s
      At line 212 in file Startup.s
      At line 213 in file Startup.s
      At line 214 in file Startup.s
      At line 215 in file Startup.s
      At line 216 in file Startup.s
      At line 217 in file Startup.s
      At line 219 in file Startup.s
      At line 220 in file Startup.s
      At line 221 in file Startup.s
      At line 222 in file Startup.s
      At line 223 in file Startup.s
      At line 224 in file Startup.s
      At line 225 in file Startup.s
      At line 226 in file Startup.s
      At line 227 in file Startup.s



ARM Macro Assembler    Page 3 Alphabetic symbol ordering
Relocatable symbols

      At line 228 in file Startup.s
      At line 229 in file Startup.s
      At line 230 in file Startup.s
      At line 231 in file Startup.s
      At line 232 in file Startup.s
      At line 233 in file Startup.s
      At line 234 in file Startup.s
      At line 235 in file Startup.s
      At line 236 in file Startup.s
      At line 237 in file Startup.s
      At line 238 in file Startup.s
      At line 239 in file Startup.s
      At line 240 in file Startup.s
      At line 241 in file Startup.s
      At line 295 in file Startup.s

NmiSR 00000270

Symbol: NmiSR
   Definitions
      At line 274 in file Startup.s
   Uses
      At line 89 in file Startup.s
      At line 275 in file Startup.s

RESET 00000000

Symbol: RESET
   Definitions
      At line 73 in file Startup.s
   Uses
      None
Comment: RESET unused
Reset_Handler 0000026C

Symbol: Reset_Handler
   Definitions
      At line 250 in file Startup.s
   Uses
      At line 88 in file Startup.s
      At line 249 in file Startup.s

__Vectors 00000000

Symbol: __Vectors
   Definitions
      At line 86 in file Startup.s
   Uses
      At line 81 in file Startup.s
Comment: __Vectors used once
6 symbols



ARM Macro Assembler    Page 1 Alphabetic symbol ordering
Relocatable symbols

.text 00000000

Symbol: .text
   Definitions
      At line 309 in file Startup.s
   Uses
      None
Comment: .text unused
__user_initial_stackheap 00000000

Symbol: __user_initial_stackheap
   Definitions
      At line 326 in file Startup.s
   Uses
      At line 325 in file Startup.s
Comment: __user_initial_stackheap used once
2 symbols



ARM Macro Assembler    Page 1 Alphabetic symbol ordering
Absolute symbols

Heap 00001000

Symbol: Heap
   Definitions
      At line 38 in file Startup.s
   Uses
      At line 58 in file Startup.s
      At line 329 in file Startup.s

Stack 00000400

Symbol: Stack
   Definitions
      At line 31 in file Startup.s
   Uses
      At line 47 in file Startup.s
      At line 87 in file Startup.s
      At line 328 in file Startup.s

2 symbols



ARM Macro Assembler    Page 1 Alphabetic symbol ordering
External symbols

SVC_Handler 00000000

Symbol: SVC_Handler
   Definitions
      At line 82 in file Startup.s
   Uses
      At line 98 in file Startup.s
Comment: SVC_Handler used once
SoundIntHandler 00000000

Symbol: SoundIntHandler
   Definitions
      At line 85 in file Startup.s
   Uses
      At line 155 in file Startup.s
Comment: SoundIntHandler used once
SysTick_Handler 00000000

Symbol: SysTick_Handler
   Definitions
      At line 83 in file Startup.s
   Uses
      At line 102 in file Startup.s
Comment: SysTick_Handler used once
UARTStdioIntHandler 00000000

Symbol: UARTStdioIntHandler
   Definitions
      At line 84 in file Startup.s
   Uses
      At line 108 in file Startup.s
Comment: UARTStdioIntHandler used once
__main 00000000

Symbol: __main
   Definitions
      At line 256 in file Startup.s
   Uses
      At line 265 in file Startup.s
Comment: __main used once
__use_two_region_memory 00000000

Symbol: __use_two_region_memory
   Definitions
      At line 324 in file Startup.s
   Uses
      None
Comment: __use_two_region_memory unused
6 symbols
358 symbols in table
