


ARM Macro Assembler    Page 1 


    1 00000000         ;/******************************************************
                       ***********************
    2 00000000         ; * @file:    startup_LPC407x_8x.s
    3 00000000         ; * @purpose: CMSIS Cortex-M4 Core Device Startup File
    4 00000000         ; *           for the NXP LPC407x_8x Device Series
    5 00000000         ; * @version: V1.20
    6 00000000         ; * @date:    16. January 2012
    7 00000000         ; *------- <<< Use Configuration Wizard in Context Menu 
                       >>> ------------------
    8 00000000         ; *
    9 00000000         ; * Copyright (C) 2012 ARM Limited. All rights reserved.
                       
   10 00000000         ; * ARM Limited (ARM) is supplying this software for use
                        with Cortex-M4
   11 00000000         ; * processor based microcontrollers.  This file can be 
                       freely distributed
   12 00000000         ; * within development tools that are supporting such AR
                       M based processors.
   13 00000000         ; *
   14 00000000         ; * THIS SOFTWARE IS PROVIDED "AS IS".  NO WARRANTIES, W
                       HETHER EXPRESS, IMPLIED
   15 00000000         ; * OR STATUTORY, INCLUDING, BUT NOT LIMITED TO, IMPLIED
                        WARRANTIES OF
   16 00000000         ; * MERCHANTABILITY AND FITNESS FOR A PARTICULAR PURPOSE
                        APPLY TO THIS SOFTWARE.
   17 00000000         ; * ARM SHALL NOT, IN ANY CIRCUMSTANCES, BE LIABLE FOR S
                       PECIAL, INCIDENTAL, OR
   18 00000000         ; * CONSEQUENTIAL DAMAGES, FOR ANY REASON WHATSOEVER.
   19 00000000         ; *
   20 00000000         ; ******************************************************
                       ***********************/
   21 00000000         
   22 00000000         
   23 00000000         
   24 00000000 10010000 
                       __initial_sp
                               EQU              0x10010000  ; Top of RAM from L
                                                            PC4088
   25 00000000         
   26 00000000                 PRESERVE8
   27 00000000                 THUMB
   28 00000000         
   29 00000000         ; Vector Table Mapped to Address 0 at Reset
   30 00000000         
   31 00000000                 AREA             RESET, DATA, READONLY
   32 00000000                 EXPORT           __Vectors
   33 00000000         
   34 00000000 10010000 
                       __Vectors
                               DCD              __initial_sp ; Top of Stack
   35 00000004 00000000        DCD              Reset_Handler ; Reset Handler
   36 00000008 00000000        DCD              NMI_Handler ; NMI Handler
   37 0000000C 00000000        DCD              HardFault_Handler ; Hard Fault 
                                                            Handler
   38 00000010 00000000        DCD              MemManage_Handler 
                                                            ; MPU Fault Handler
                                                            
   39 00000014 00000000        DCD              BusFault_Handler 
                                                            ; Bus Fault Handler



ARM Macro Assembler    Page 2 


                                                            
   40 00000018 00000000        DCD              UsageFault_Handler ; Usage Faul
                                                            t Handler
   41 0000001C         ; DCD   0xEFFFF5D6                ; Reserved- vector sum
                       
   42 0000001C EFFFF39E        DCD              0xEFFFF39E  ; Reserved- vector 
                                                            sum
   43 00000020 00000000        DCD              0           ; Reserved
   44 00000024 00000000        DCD              0           ; Reserved
   45 00000028 00000000        DCD              0           ; Reserved
   46 0000002C 00000000        DCD              SVC_Handler ; SVCall Handler
   47 00000030 00000000        DCD              DebugMon_Handler ; Debug Monito
                                                            r Handler
   48 00000034 00000000        DCD              0           ; Reserved
   49 00000038 00000000        DCD              PendSV_Handler ; PendSV Handler
                                                            
   50 0000003C 00000000        DCD              SysTick_Handler 
                                                            ; SysTick Handler
   51 00000040         
   52 00000040         ; External Interrupts
   53 00000040 00000000        DCD              WDT_IRQHandler ; 16: Watchdog T
                                                            imer
   54 00000044 00000000        DCD              TIMER0_IRQHandler ; 17: Timer0
   55 00000048 00000000        DCD              TIMER1_IRQHandler ; 18: Timer1
   56 0000004C 00000000        DCD              TIMER2_IRQHandler ; 19: Timer2
   57 00000050 00000000        DCD              TIMER3_IRQHandler ; 20: Timer3
   58 00000054 00000000        DCD              UART0_IRQHandler ; 21: UART0
   59 00000058 00000000        DCD              UART1_IRQHandler ; 22: UART1
   60 0000005C 00000000        DCD              UART2_IRQHandler ; 23: UART2
   61 00000060 00000000        DCD              UART3_IRQHandler ; 24: UART3
   62 00000064 00000000        DCD              PWM1_IRQHandler ; 25: PWM1
   63 00000068 00000000        DCD              I2C0_IRQHandler ; 26: I2C0
   64 0000006C 00000000        DCD              I2C1_IRQHandler ; 27: I2C1
   65 00000070 00000000        DCD              I2C2_IRQHandler ; 28: I2C2
   66 00000074 00000000        DCD              0           ; 29: reserved, not
                                                             for SPIFI anymore
   67 00000078 00000000        DCD              SSP0_IRQHandler ; 30: SSP0
   68 0000007C 00000000        DCD              SSP1_IRQHandler ; 31: SSP1
   69 00000080 00000000        DCD              PLL0_IRQHandler ; 32: PLL0 Lock
                                                             (Main PLL)
   70 00000084 00000000        DCD              RTC_IRQHandler ; 33: Real Time 
                                                            Clock
   71 00000088 00000000        DCD              EINT0_IRQHandler ; 34: External
                                                             Interrupt 0
   72 0000008C 00000000        DCD              EINT1_IRQHandler ; 35: External
                                                             Interrupt 1
   73 00000090 00000000        DCD              EINT2_IRQHandler ; 36: External
                                                             Interrupt 2
   74 00000094 00000000        DCD              EINT3_IRQHandler ; 37: External
                                                             Interrupt 3
   75 00000098 00000000        DCD              ADC_IRQHandler 
                                                            ; 38: A/D Converter
                                                            
   76 0000009C 00000000        DCD              BOD_IRQHandler ; 39: Brown-Out 
                                                            Detect
   77 000000A0 00000000        DCD              USB_IRQHandler ; 40: USB
   78 000000A4 00000000        DCD              CAN_IRQHandler ; 41: CAN
   79 000000A8 00000000        DCD              DMA_IRQHandler ; 42: General Pu
                                                            rpose DMA



ARM Macro Assembler    Page 3 


   80 000000AC 00000000        DCD              I2S_IRQHandler ; 43: I2S
   81 000000B0 00000000        DCD              ENET_IRQHandler ; 44: Ethernet
   82 000000B4 00000000        DCD              MCI_IRQHandler ; 45: SD/MMC car
                                                            d I/F
   83 000000B8 00000000        DCD              MCPWM_IRQHandler ; 46: Motor Co
                                                            ntrol PWM
   84 000000BC 00000000        DCD              QEI_IRQHandler ; 47: Quadrature
                                                             Encoder Interface
   85 000000C0 00000000        DCD              PLL1_IRQHandler ; 48: PLL1 Lock
                                                             (USB PLL)
   86 000000C4 00000000        DCD              USBActivity_IRQHandler ; 49: US
                                                            B Activity interrup
                                                            t to wakeup
   87 000000C8 00000000        DCD              CANActivity_IRQHandler ; 50: CA
                                                            N Activity interrup
                                                            t to wakeup
   88 000000CC 00000000        DCD              UART4_IRQHandler ; 51: UART4
   89 000000D0 00000000        DCD              SSP2_IRQHandler ; 52: SSP2
   90 000000D4 00000000        DCD              LCD_IRQHandler ; 53: LCD
   91 000000D8 00000000        DCD              GPIO_IRQHandler ; 54: GPIO
   92 000000DC 00000000        DCD              PWM0_IRQHandler ; 55: PWM0
   93 000000E0 00000000        DCD              EEPROM_IRQHandler ; 56: EEPROM
   94 000000E4         
   95 000000E4         
   96 000000E4                 IF               :LNOT::DEF:NO_CRP
   97 000000E4                 AREA             |.ARM.__at_0x02FC|, CODE, READO
NLY
   98 00000000 FFFFFFFF 
                       CRP_Key DCD              0xFFFFFFFF
   99 00000004                 ENDIF
  100 00000004         
  101 00000004         
  102 00000004                 AREA             |.text|, CODE, READONLY
  103 00000000         
  104 00000000         
  105 00000000         ; Reset Handler
  106 00000000         
  107 00000000         Reset_Handler
                               PROC
  108 00000000                 EXPORT           Reset_Handler             [WEAK
]
  109 00000000                 IMPORT           SystemInit
  110 00000000                 IMPORT           __main
  111 00000000 4806            LDR              R0, =SystemInit
  112 00000002 4780            BLX              R0
  113 00000004 4806            LDR              R0, =__main
  114 00000006 4700            BX               R0
  115 00000008                 ENDP
  116 00000008         
  117 00000008         
  118 00000008         ; Dummy Exception Handlers (infinite loops which can be 
                       modified)
  119 00000008         
  120 00000008         NMI_Handler
                               PROC
  121 00000008                 EXPORT           NMI_Handler               [WEAK
]
  122 00000008 E7FE            B                .
  123 0000000A                 ENDP



ARM Macro Assembler    Page 4 


  125 0000000A         HardFault_Handler
                               PROC
  126 0000000A                 EXPORT           HardFault_Handler         [WEAK
]
  127 0000000A E7FE            B                .
  128 0000000C                 ENDP
  130 0000000C         MemManage_Handler
                               PROC
  131 0000000C                 EXPORT           MemManage_Handler         [WEAK
]
  132 0000000C E7FE            B                .
  133 0000000E                 ENDP
  135 0000000E         BusFault_Handler
                               PROC
  136 0000000E                 EXPORT           BusFault_Handler          [WEAK
]
  137 0000000E E7FE            B                .
  138 00000010                 ENDP
  140 00000010         UsageFault_Handler
                               PROC
  141 00000010                 EXPORT           UsageFault_Handler        [WEAK
]
  142 00000010 E7FE            B                .
  143 00000012                 ENDP
  144 00000012         SVC_Handler
                               PROC
  145 00000012                 EXPORT           SVC_Handler               [WEAK
]
  146 00000012 E7FE            B                .
  147 00000014                 ENDP
  149 00000014         DebugMon_Handler
                               PROC
  150 00000014                 EXPORT           DebugMon_Handler          [WEAK
]
  151 00000014 E7FE            B                .
  152 00000016                 ENDP
  153 00000016         PendSV_Handler
                               PROC
  154 00000016                 EXPORT           PendSV_Handler            [WEAK
]
  155 00000016 E7FE            B                .
  156 00000018                 ENDP
  157 00000018         SysTick_Handler
                               PROC
  158 00000018                 EXPORT           SysTick_Handler           [WEAK
]
  159 00000018 E7FE            B                .
  160 0000001A                 ENDP
  161 0000001A         
  162 0000001A         Default_Handler
                               PROC
  163 0000001A         
  164 0000001A                 EXPORT           WDT_IRQHandler            [WEAK
]
  165 0000001A                 EXPORT           TIMER0_IRQHandler         [WEAK
]
  166 0000001A                 EXPORT           TIMER1_IRQHandler         [WEAK
]
  167 0000001A                 EXPORT           TIMER2_IRQHandler         [WEAK



ARM Macro Assembler    Page 5 


]
  168 0000001A                 EXPORT           TIMER3_IRQHandler         [WEAK
]
  169 0000001A                 EXPORT           UART0_IRQHandler          [WEAK
]
  170 0000001A                 EXPORT           UART1_IRQHandler          [WEAK
]
  171 0000001A                 EXPORT           UART2_IRQHandler          [WEAK
]
  172 0000001A                 EXPORT           UART3_IRQHandler          [WEAK
]
  173 0000001A                 EXPORT           PWM1_IRQHandler           [WEAK
]
  174 0000001A                 EXPORT           I2C0_IRQHandler           [WEAK
]
  175 0000001A                 EXPORT           I2C1_IRQHandler           [WEAK
]
  176 0000001A                 EXPORT           I2C2_IRQHandler           [WEAK
]
  177 0000001A         ;EXPORT  SPIFI_IRQHandler          [WEAK]
  178 0000001A                 EXPORT           SSP0_IRQHandler           [WEAK
]
  179 0000001A                 EXPORT           SSP1_IRQHandler           [WEAK
]
  180 0000001A                 EXPORT           PLL0_IRQHandler           [WEAK
]
  181 0000001A                 EXPORT           RTC_IRQHandler            [WEAK
]
  182 0000001A                 EXPORT           EINT0_IRQHandler          [WEAK
]
  183 0000001A                 EXPORT           EINT1_IRQHandler          [WEAK
]
  184 0000001A                 EXPORT           EINT2_IRQHandler          [WEAK
]
  185 0000001A                 EXPORT           EINT3_IRQHandler          [WEAK
]
  186 0000001A                 EXPORT           ADC_IRQHandler            [WEAK
]
  187 0000001A                 EXPORT           BOD_IRQHandler            [WEAK
]
  188 0000001A                 EXPORT           USB_IRQHandler            [WEAK
]
  189 0000001A                 EXPORT           CAN_IRQHandler            [WEAK
]
  190 0000001A                 EXPORT           DMA_IRQHandler            [WEAK
]
  191 0000001A                 EXPORT           I2S_IRQHandler            [WEAK
]
  192 0000001A                 EXPORT           ENET_IRQHandler           [WEAK
]
  193 0000001A                 EXPORT           MCI_IRQHandler            [WEAK
]
  194 0000001A                 EXPORT           MCPWM_IRQHandler          [WEAK
]
  195 0000001A                 EXPORT           QEI_IRQHandler            [WEAK
]
  196 0000001A                 EXPORT           PLL1_IRQHandler           [WEAK
]
  197 0000001A                 EXPORT           USBActivity_IRQHandler    [WEAK



ARM Macro Assembler    Page 6 


]
  198 0000001A                 EXPORT           CANActivity_IRQHandler    [WEAK
]
  199 0000001A                 EXPORT           UART4_IRQHandler          [WEAK
]
  200 0000001A                 EXPORT           SSP2_IRQHandler           [WEAK
]
  201 0000001A                 EXPORT           LCD_IRQHandler            [WEAK
]
  202 0000001A                 EXPORT           GPIO_IRQHandler           [WEAK
]
  203 0000001A                 EXPORT           PWM0_IRQHandler           [WEAK
]
  204 0000001A                 EXPORT           EEPROM_IRQHandler         [WEAK
]
  205 0000001A         
  206 0000001A         WDT_IRQHandler
  207 0000001A         TIMER0_IRQHandler
  208 0000001A         TIMER1_IRQHandler
  209 0000001A         TIMER2_IRQHandler
  210 0000001A         TIMER3_IRQHandler
  211 0000001A         UART0_IRQHandler
  212 0000001A         UART1_IRQHandler
  213 0000001A         UART2_IRQHandler
  214 0000001A         UART3_IRQHandler
  215 0000001A         PWM1_IRQHandler
  216 0000001A         I2C0_IRQHandler
  217 0000001A         I2C1_IRQHandler
  218 0000001A         I2C2_IRQHandler
  219 0000001A         ;SPIFI_IRQHandler ;not used
  220 0000001A         SSP0_IRQHandler
  221 0000001A         SSP1_IRQHandler
  222 0000001A         PLL0_IRQHandler
  223 0000001A         RTC_IRQHandler
  224 0000001A         EINT0_IRQHandler
  225 0000001A         EINT1_IRQHandler
  226 0000001A         EINT2_IRQHandler
  227 0000001A         EINT3_IRQHandler
  228 0000001A         ADC_IRQHandler
  229 0000001A         BOD_IRQHandler
  230 0000001A         USB_IRQHandler
  231 0000001A         CAN_IRQHandler
  232 0000001A         DMA_IRQHandler
  233 0000001A         I2S_IRQHandler
  234 0000001A         ENET_IRQHandler
  235 0000001A         MCI_IRQHandler
  236 0000001A         MCPWM_IRQHandler
  237 0000001A         QEI_IRQHandler
  238 0000001A         PLL1_IRQHandler
  239 0000001A         USBActivity_IRQHandler
  240 0000001A         CANActivity_IRQHandler
  241 0000001A         UART4_IRQHandler
  242 0000001A         SSP2_IRQHandler
  243 0000001A         LCD_IRQHandler
  244 0000001A         GPIO_IRQHandler
  245 0000001A         PWM0_IRQHandler
  246 0000001A         EEPROM_IRQHandler
  247 0000001A         
  248 0000001A E7FE            B                .



ARM Macro Assembler    Page 7 


  249 0000001C         
  250 0000001C                 ENDP
  251 0000001C         
  252 0000001C         
  253 0000001C                 ALIGN
  254 0000001C                 END
              00000000 
              00000000 
Command Line: --debug --xref --cpu=Cortex-M4.fp --apcs=interwork --depend=.\bui
ld\startup_lpc407x_8x_177x_8x.d -o.\build\startup_lpc407x_8x_177x_8x.o -IC:\Kei
l_v5\ARM\RV31\INC -IC:\Keil_v5\ARM\PACK\ARM\CMSIS\4.1.1\CMSIS\Include -IC:\Keil
_v5\ARM\Inc\NXP\LPC407x_8x_177x_8x --list=.\build\startup_lpc407x_8x_177x_8x.ls
t mbed-src/targets/cmsis/TARGET_NXP/TARGET_LPC408X/TOOLCHAIN_ARM_STD/startup_LP
C407x_8x_177x_8x.s



ARM Macro Assembler    Page 1 Alphabetic symbol ordering
Relocatable symbols

RESET 00000000

Symbol: RESET
   Definitions
      At line 31 in file mbed-src/targets/cmsis/TARGET_NXP/TARGET_LPC408X/TOOLC
HAIN_ARM_STD/startup_LPC407x_8x_177x_8x.s
   Uses
      None
Comment: RESET unused
__Vectors 00000000

Symbol: __Vectors
   Definitions
      At line 34 in file mbed-src/targets/cmsis/TARGET_NXP/TARGET_LPC408X/TOOLC
HAIN_ARM_STD/startup_LPC407x_8x_177x_8x.s
   Uses
      At line 32 in file mbed-src/targets/cmsis/TARGET_NXP/TARGET_LPC408X/TOOLC
HAIN_ARM_STD/startup_LPC407x_8x_177x_8x.s
Comment: __Vectors used once
2 symbols



ARM Macro Assembler    Page 1 Alphabetic symbol ordering
Relocatable symbols

.ARM.__at_0x02FC 00000000

Symbol: .ARM.__at_0x02FC
   Definitions
      At line 97 in file mbed-src/targets/cmsis/TARGET_NXP/TARGET_LPC408X/TOOLC
HAIN_ARM_STD/startup_LPC407x_8x_177x_8x.s
   Uses
      None
Comment: .ARM.__at_0x02FC unused
CRP_Key 00000000

Symbol: CRP_Key
   Definitions
      At line 98 in file mbed-src/targets/cmsis/TARGET_NXP/TARGET_LPC408X/TOOLC
HAIN_ARM_STD/startup_LPC407x_8x_177x_8x.s
   Uses
      None
Comment: CRP_Key unused
2 symbols



ARM Macro Assembler    Page 1 Alphabetic symbol ordering
Relocatable symbols

.text 00000000

Symbol: .text
   Definitions
      At line 102 in file mbed-src/targets/cmsis/TARGET_NXP/TARGET_LPC408X/TOOL
CHAIN_ARM_STD/startup_LPC407x_8x_177x_8x.s
   Uses
      None
Comment: .text unused
ADC_IRQHandler 0000001A

Symbol: ADC_IRQHandler
   Definitions
      At line 228 in file mbed-src/targets/cmsis/TARGET_NXP/TARGET_LPC408X/TOOL
CHAIN_ARM_STD/startup_LPC407x_8x_177x_8x.s
   Uses
      At line 75 in file mbed-src/targets/cmsis/TARGET_NXP/TARGET_LPC408X/TOOLC
HAIN_ARM_STD/startup_LPC407x_8x_177x_8x.s
      At line 186 in file mbed-src/targets/cmsis/TARGET_NXP/TARGET_LPC408X/TOOL
CHAIN_ARM_STD/startup_LPC407x_8x_177x_8x.s

BOD_IRQHandler 0000001A

Symbol: BOD_IRQHandler
   Definitions
      At line 229 in file mbed-src/targets/cmsis/TARGET_NXP/TARGET_LPC408X/TOOL
CHAIN_ARM_STD/startup_LPC407x_8x_177x_8x.s
   Uses
      At line 76 in file mbed-src/targets/cmsis/TARGET_NXP/TARGET_LPC408X/TOOLC
HAIN_ARM_STD/startup_LPC407x_8x_177x_8x.s
      At line 187 in file mbed-src/targets/cmsis/TARGET_NXP/TARGET_LPC408X/TOOL
CHAIN_ARM_STD/startup_LPC407x_8x_177x_8x.s

BusFault_Handler 0000000E

Symbol: BusFault_Handler
   Definitions
      At line 135 in file mbed-src/targets/cmsis/TARGET_NXP/TARGET_LPC408X/TOOL
CHAIN_ARM_STD/startup_LPC407x_8x_177x_8x.s
   Uses
      At line 39 in file mbed-src/targets/cmsis/TARGET_NXP/TARGET_LPC408X/TOOLC
HAIN_ARM_STD/startup_LPC407x_8x_177x_8x.s
      At line 136 in file mbed-src/targets/cmsis/TARGET_NXP/TARGET_LPC408X/TOOL
CHAIN_ARM_STD/startup_LPC407x_8x_177x_8x.s

CANActivity_IRQHandler 0000001A

Symbol: CANActivity_IRQHandler
   Definitions
      At line 240 in file mbed-src/targets/cmsis/TARGET_NXP/TARGET_LPC408X/TOOL
CHAIN_ARM_STD/startup_LPC407x_8x_177x_8x.s
   Uses
      At line 87 in file mbed-src/targets/cmsis/TARGET_NXP/TARGET_LPC408X/TOOLC
HAIN_ARM_STD/startup_LPC407x_8x_177x_8x.s
      At line 198 in file mbed-src/targets/cmsis/TARGET_NXP/TARGET_LPC408X/TOOL
CHAIN_ARM_STD/startup_LPC407x_8x_177x_8x.s

CAN_IRQHandler 0000001A




ARM Macro Assembler    Page 2 Alphabetic symbol ordering
Relocatable symbols

Symbol: CAN_IRQHandler
   Definitions
      At line 231 in file mbed-src/targets/cmsis/TARGET_NXP/TARGET_LPC408X/TOOL
CHAIN_ARM_STD/startup_LPC407x_8x_177x_8x.s
   Uses
      At line 78 in file mbed-src/targets/cmsis/TARGET_NXP/TARGET_LPC408X/TOOLC
HAIN_ARM_STD/startup_LPC407x_8x_177x_8x.s
      At line 189 in file mbed-src/targets/cmsis/TARGET_NXP/TARGET_LPC408X/TOOL
CHAIN_ARM_STD/startup_LPC407x_8x_177x_8x.s

DMA_IRQHandler 0000001A

Symbol: DMA_IRQHandler
   Definitions
      At line 232 in file mbed-src/targets/cmsis/TARGET_NXP/TARGET_LPC408X/TOOL
CHAIN_ARM_STD/startup_LPC407x_8x_177x_8x.s
   Uses
      At line 79 in file mbed-src/targets/cmsis/TARGET_NXP/TARGET_LPC408X/TOOLC
HAIN_ARM_STD/startup_LPC407x_8x_177x_8x.s
      At line 190 in file mbed-src/targets/cmsis/TARGET_NXP/TARGET_LPC408X/TOOL
CHAIN_ARM_STD/startup_LPC407x_8x_177x_8x.s

DebugMon_Handler 00000014

Symbol: DebugMon_Handler
   Definitions
      At line 149 in file mbed-src/targets/cmsis/TARGET_NXP/TARGET_LPC408X/TOOL
CHAIN_ARM_STD/startup_LPC407x_8x_177x_8x.s
   Uses
      At line 47 in file mbed-src/targets/cmsis/TARGET_NXP/TARGET_LPC408X/TOOLC
HAIN_ARM_STD/startup_LPC407x_8x_177x_8x.s
      At line 150 in file mbed-src/targets/cmsis/TARGET_NXP/TARGET_LPC408X/TOOL
CHAIN_ARM_STD/startup_LPC407x_8x_177x_8x.s

Default_Handler 0000001A

Symbol: Default_Handler
   Definitions
      At line 162 in file mbed-src/targets/cmsis/TARGET_NXP/TARGET_LPC408X/TOOL
CHAIN_ARM_STD/startup_LPC407x_8x_177x_8x.s
   Uses
      None
Comment: Default_Handler unused
EEPROM_IRQHandler 0000001A

Symbol: EEPROM_IRQHandler
   Definitions
      At line 246 in file mbed-src/targets/cmsis/TARGET_NXP/TARGET_LPC408X/TOOL
CHAIN_ARM_STD/startup_LPC407x_8x_177x_8x.s
   Uses
      At line 93 in file mbed-src/targets/cmsis/TARGET_NXP/TARGET_LPC408X/TOOLC
HAIN_ARM_STD/startup_LPC407x_8x_177x_8x.s
      At line 204 in file mbed-src/targets/cmsis/TARGET_NXP/TARGET_LPC408X/TOOL
CHAIN_ARM_STD/startup_LPC407x_8x_177x_8x.s

EINT0_IRQHandler 0000001A

Symbol: EINT0_IRQHandler
   Definitions



ARM Macro Assembler    Page 3 Alphabetic symbol ordering
Relocatable symbols

      At line 224 in file mbed-src/targets/cmsis/TARGET_NXP/TARGET_LPC408X/TOOL
CHAIN_ARM_STD/startup_LPC407x_8x_177x_8x.s
   Uses
      At line 71 in file mbed-src/targets/cmsis/TARGET_NXP/TARGET_LPC408X/TOOLC
HAIN_ARM_STD/startup_LPC407x_8x_177x_8x.s
      At line 182 in file mbed-src/targets/cmsis/TARGET_NXP/TARGET_LPC408X/TOOL
CHAIN_ARM_STD/startup_LPC407x_8x_177x_8x.s

EINT1_IRQHandler 0000001A

Symbol: EINT1_IRQHandler
   Definitions
      At line 225 in file mbed-src/targets/cmsis/TARGET_NXP/TARGET_LPC408X/TOOL
CHAIN_ARM_STD/startup_LPC407x_8x_177x_8x.s
   Uses
      At line 72 in file mbed-src/targets/cmsis/TARGET_NXP/TARGET_LPC408X/TOOLC
HAIN_ARM_STD/startup_LPC407x_8x_177x_8x.s
      At line 183 in file mbed-src/targets/cmsis/TARGET_NXP/TARGET_LPC408X/TOOL
CHAIN_ARM_STD/startup_LPC407x_8x_177x_8x.s

EINT2_IRQHandler 0000001A

Symbol: EINT2_IRQHandler
   Definitions
      At line 226 in file mbed-src/targets/cmsis/TARGET_NXP/TARGET_LPC408X/TOOL
CHAIN_ARM_STD/startup_LPC407x_8x_177x_8x.s
   Uses
      At line 73 in file mbed-src/targets/cmsis/TARGET_NXP/TARGET_LPC408X/TOOLC
HAIN_ARM_STD/startup_LPC407x_8x_177x_8x.s
      At line 184 in file mbed-src/targets/cmsis/TARGET_NXP/TARGET_LPC408X/TOOL
CHAIN_ARM_STD/startup_LPC407x_8x_177x_8x.s

EINT3_IRQHandler 0000001A

Symbol: EINT3_IRQHandler
   Definitions
      At line 227 in file mbed-src/targets/cmsis/TARGET_NXP/TARGET_LPC408X/TOOL
CHAIN_ARM_STD/startup_LPC407x_8x_177x_8x.s
   Uses
      At line 74 in file mbed-src/targets/cmsis/TARGET_NXP/TARGET_LPC408X/TOOLC
HAIN_ARM_STD/startup_LPC407x_8x_177x_8x.s
      At line 185 in file mbed-src/targets/cmsis/TARGET_NXP/TARGET_LPC408X/TOOL
CHAIN_ARM_STD/startup_LPC407x_8x_177x_8x.s

ENET_IRQHandler 0000001A

Symbol: ENET_IRQHandler
   Definitions
      At line 234 in file mbed-src/targets/cmsis/TARGET_NXP/TARGET_LPC408X/TOOL
CHAIN_ARM_STD/startup_LPC407x_8x_177x_8x.s
   Uses
      At line 81 in file mbed-src/targets/cmsis/TARGET_NXP/TARGET_LPC408X/TOOLC
HAIN_ARM_STD/startup_LPC407x_8x_177x_8x.s
      At line 192 in file mbed-src/targets/cmsis/TARGET_NXP/TARGET_LPC408X/TOOL
CHAIN_ARM_STD/startup_LPC407x_8x_177x_8x.s

GPIO_IRQHandler 0000001A

Symbol: GPIO_IRQHandler



ARM Macro Assembler    Page 4 Alphabetic symbol ordering
Relocatable symbols

   Definitions
      At line 244 in file mbed-src/targets/cmsis/TARGET_NXP/TARGET_LPC408X/TOOL
CHAIN_ARM_STD/startup_LPC407x_8x_177x_8x.s
   Uses
      At line 91 in file mbed-src/targets/cmsis/TARGET_NXP/TARGET_LPC408X/TOOLC
HAIN_ARM_STD/startup_LPC407x_8x_177x_8x.s
      At line 202 in file mbed-src/targets/cmsis/TARGET_NXP/TARGET_LPC408X/TOOL
CHAIN_ARM_STD/startup_LPC407x_8x_177x_8x.s

HardFault_Handler 0000000A

Symbol: HardFault_Handler
   Definitions
      At line 125 in file mbed-src/targets/cmsis/TARGET_NXP/TARGET_LPC408X/TOOL
CHAIN_ARM_STD/startup_LPC407x_8x_177x_8x.s
   Uses
      At line 37 in file mbed-src/targets/cmsis/TARGET_NXP/TARGET_LPC408X/TOOLC
HAIN_ARM_STD/startup_LPC407x_8x_177x_8x.s
      At line 126 in file mbed-src/targets/cmsis/TARGET_NXP/TARGET_LPC408X/TOOL
CHAIN_ARM_STD/startup_LPC407x_8x_177x_8x.s

I2C0_IRQHandler 0000001A

Symbol: I2C0_IRQHandler
   Definitions
      At line 216 in file mbed-src/targets/cmsis/TARGET_NXP/TARGET_LPC408X/TOOL
CHAIN_ARM_STD/startup_LPC407x_8x_177x_8x.s
   Uses
      At line 63 in file mbed-src/targets/cmsis/TARGET_NXP/TARGET_LPC408X/TOOLC
HAIN_ARM_STD/startup_LPC407x_8x_177x_8x.s
      At line 174 in file mbed-src/targets/cmsis/TARGET_NXP/TARGET_LPC408X/TOOL
CHAIN_ARM_STD/startup_LPC407x_8x_177x_8x.s

I2C1_IRQHandler 0000001A

Symbol: I2C1_IRQHandler
   Definitions
      At line 217 in file mbed-src/targets/cmsis/TARGET_NXP/TARGET_LPC408X/TOOL
CHAIN_ARM_STD/startup_LPC407x_8x_177x_8x.s
   Uses
      At line 64 in file mbed-src/targets/cmsis/TARGET_NXP/TARGET_LPC408X/TOOLC
HAIN_ARM_STD/startup_LPC407x_8x_177x_8x.s
      At line 175 in file mbed-src/targets/cmsis/TARGET_NXP/TARGET_LPC408X/TOOL
CHAIN_ARM_STD/startup_LPC407x_8x_177x_8x.s

I2C2_IRQHandler 0000001A

Symbol: I2C2_IRQHandler
   Definitions
      At line 218 in file mbed-src/targets/cmsis/TARGET_NXP/TARGET_LPC408X/TOOL
CHAIN_ARM_STD/startup_LPC407x_8x_177x_8x.s
   Uses
      At line 65 in file mbed-src/targets/cmsis/TARGET_NXP/TARGET_LPC408X/TOOLC
HAIN_ARM_STD/startup_LPC407x_8x_177x_8x.s
      At line 176 in file mbed-src/targets/cmsis/TARGET_NXP/TARGET_LPC408X/TOOL
CHAIN_ARM_STD/startup_LPC407x_8x_177x_8x.s

I2S_IRQHandler 0000001A




ARM Macro Assembler    Page 5 Alphabetic symbol ordering
Relocatable symbols

Symbol: I2S_IRQHandler
   Definitions
      At line 233 in file mbed-src/targets/cmsis/TARGET_NXP/TARGET_LPC408X/TOOL
CHAIN_ARM_STD/startup_LPC407x_8x_177x_8x.s
   Uses
      At line 80 in file mbed-src/targets/cmsis/TARGET_NXP/TARGET_LPC408X/TOOLC
HAIN_ARM_STD/startup_LPC407x_8x_177x_8x.s
      At line 191 in file mbed-src/targets/cmsis/TARGET_NXP/TARGET_LPC408X/TOOL
CHAIN_ARM_STD/startup_LPC407x_8x_177x_8x.s

LCD_IRQHandler 0000001A

Symbol: LCD_IRQHandler
   Definitions
      At line 243 in file mbed-src/targets/cmsis/TARGET_NXP/TARGET_LPC408X/TOOL
CHAIN_ARM_STD/startup_LPC407x_8x_177x_8x.s
   Uses
      At line 90 in file mbed-src/targets/cmsis/TARGET_NXP/TARGET_LPC408X/TOOLC
HAIN_ARM_STD/startup_LPC407x_8x_177x_8x.s
      At line 201 in file mbed-src/targets/cmsis/TARGET_NXP/TARGET_LPC408X/TOOL
CHAIN_ARM_STD/startup_LPC407x_8x_177x_8x.s

MCI_IRQHandler 0000001A

Symbol: MCI_IRQHandler
   Definitions
      At line 235 in file mbed-src/targets/cmsis/TARGET_NXP/TARGET_LPC408X/TOOL
CHAIN_ARM_STD/startup_LPC407x_8x_177x_8x.s
   Uses
      At line 82 in file mbed-src/targets/cmsis/TARGET_NXP/TARGET_LPC408X/TOOLC
HAIN_ARM_STD/startup_LPC407x_8x_177x_8x.s
      At line 193 in file mbed-src/targets/cmsis/TARGET_NXP/TARGET_LPC408X/TOOL
CHAIN_ARM_STD/startup_LPC407x_8x_177x_8x.s

MCPWM_IRQHandler 0000001A

Symbol: MCPWM_IRQHandler
   Definitions
      At line 236 in file mbed-src/targets/cmsis/TARGET_NXP/TARGET_LPC408X/TOOL
CHAIN_ARM_STD/startup_LPC407x_8x_177x_8x.s
   Uses
      At line 83 in file mbed-src/targets/cmsis/TARGET_NXP/TARGET_LPC408X/TOOLC
HAIN_ARM_STD/startup_LPC407x_8x_177x_8x.s
      At line 194 in file mbed-src/targets/cmsis/TARGET_NXP/TARGET_LPC408X/TOOL
CHAIN_ARM_STD/startup_LPC407x_8x_177x_8x.s

MemManage_Handler 0000000C

Symbol: MemManage_Handler
   Definitions
      At line 130 in file mbed-src/targets/cmsis/TARGET_NXP/TARGET_LPC408X/TOOL
CHAIN_ARM_STD/startup_LPC407x_8x_177x_8x.s
   Uses
      At line 38 in file mbed-src/targets/cmsis/TARGET_NXP/TARGET_LPC408X/TOOLC
HAIN_ARM_STD/startup_LPC407x_8x_177x_8x.s
      At line 131 in file mbed-src/targets/cmsis/TARGET_NXP/TARGET_LPC408X/TOOL
CHAIN_ARM_STD/startup_LPC407x_8x_177x_8x.s

NMI_Handler 00000008



ARM Macro Assembler    Page 6 Alphabetic symbol ordering
Relocatable symbols


Symbol: NMI_Handler
   Definitions
      At line 120 in file mbed-src/targets/cmsis/TARGET_NXP/TARGET_LPC408X/TOOL
CHAIN_ARM_STD/startup_LPC407x_8x_177x_8x.s
   Uses
      At line 36 in file mbed-src/targets/cmsis/TARGET_NXP/TARGET_LPC408X/TOOLC
HAIN_ARM_STD/startup_LPC407x_8x_177x_8x.s
      At line 121 in file mbed-src/targets/cmsis/TARGET_NXP/TARGET_LPC408X/TOOL
CHAIN_ARM_STD/startup_LPC407x_8x_177x_8x.s

PLL0_IRQHandler 0000001A

Symbol: PLL0_IRQHandler
   Definitions
      At line 222 in file mbed-src/targets/cmsis/TARGET_NXP/TARGET_LPC408X/TOOL
CHAIN_ARM_STD/startup_LPC407x_8x_177x_8x.s
   Uses
      At line 69 in file mbed-src/targets/cmsis/TARGET_NXP/TARGET_LPC408X/TOOLC
HAIN_ARM_STD/startup_LPC407x_8x_177x_8x.s
      At line 180 in file mbed-src/targets/cmsis/TARGET_NXP/TARGET_LPC408X/TOOL
CHAIN_ARM_STD/startup_LPC407x_8x_177x_8x.s

PLL1_IRQHandler 0000001A

Symbol: PLL1_IRQHandler
   Definitions
      At line 238 in file mbed-src/targets/cmsis/TARGET_NXP/TARGET_LPC408X/TOOL
CHAIN_ARM_STD/startup_LPC407x_8x_177x_8x.s
   Uses
      At line 85 in file mbed-src/targets/cmsis/TARGET_NXP/TARGET_LPC408X/TOOLC
HAIN_ARM_STD/startup_LPC407x_8x_177x_8x.s
      At line 196 in file mbed-src/targets/cmsis/TARGET_NXP/TARGET_LPC408X/TOOL
CHAIN_ARM_STD/startup_LPC407x_8x_177x_8x.s

PWM0_IRQHandler 0000001A

Symbol: PWM0_IRQHandler
   Definitions
      At line 245 in file mbed-src/targets/cmsis/TARGET_NXP/TARGET_LPC408X/TOOL
CHAIN_ARM_STD/startup_LPC407x_8x_177x_8x.s
   Uses
      At line 92 in file mbed-src/targets/cmsis/TARGET_NXP/TARGET_LPC408X/TOOLC
HAIN_ARM_STD/startup_LPC407x_8x_177x_8x.s
      At line 203 in file mbed-src/targets/cmsis/TARGET_NXP/TARGET_LPC408X/TOOL
CHAIN_ARM_STD/startup_LPC407x_8x_177x_8x.s

PWM1_IRQHandler 0000001A

Symbol: PWM1_IRQHandler
   Definitions
      At line 215 in file mbed-src/targets/cmsis/TARGET_NXP/TARGET_LPC408X/TOOL
CHAIN_ARM_STD/startup_LPC407x_8x_177x_8x.s
   Uses
      At line 62 in file mbed-src/targets/cmsis/TARGET_NXP/TARGET_LPC408X/TOOLC
HAIN_ARM_STD/startup_LPC407x_8x_177x_8x.s
      At line 173 in file mbed-src/targets/cmsis/TARGET_NXP/TARGET_LPC408X/TOOL
CHAIN_ARM_STD/startup_LPC407x_8x_177x_8x.s




ARM Macro Assembler    Page 7 Alphabetic symbol ordering
Relocatable symbols

PendSV_Handler 00000016

Symbol: PendSV_Handler
   Definitions
      At line 153 in file mbed-src/targets/cmsis/TARGET_NXP/TARGET_LPC408X/TOOL
CHAIN_ARM_STD/startup_LPC407x_8x_177x_8x.s
   Uses
      At line 49 in file mbed-src/targets/cmsis/TARGET_NXP/TARGET_LPC408X/TOOLC
HAIN_ARM_STD/startup_LPC407x_8x_177x_8x.s
      At line 154 in file mbed-src/targets/cmsis/TARGET_NXP/TARGET_LPC408X/TOOL
CHAIN_ARM_STD/startup_LPC407x_8x_177x_8x.s

QEI_IRQHandler 0000001A

Symbol: QEI_IRQHandler
   Definitions
      At line 237 in file mbed-src/targets/cmsis/TARGET_NXP/TARGET_LPC408X/TOOL
CHAIN_ARM_STD/startup_LPC407x_8x_177x_8x.s
   Uses
      At line 84 in file mbed-src/targets/cmsis/TARGET_NXP/TARGET_LPC408X/TOOLC
HAIN_ARM_STD/startup_LPC407x_8x_177x_8x.s
      At line 195 in file mbed-src/targets/cmsis/TARGET_NXP/TARGET_LPC408X/TOOL
CHAIN_ARM_STD/startup_LPC407x_8x_177x_8x.s

RTC_IRQHandler 0000001A

Symbol: RTC_IRQHandler
   Definitions
      At line 223 in file mbed-src/targets/cmsis/TARGET_NXP/TARGET_LPC408X/TOOL
CHAIN_ARM_STD/startup_LPC407x_8x_177x_8x.s
   Uses
      At line 70 in file mbed-src/targets/cmsis/TARGET_NXP/TARGET_LPC408X/TOOLC
HAIN_ARM_STD/startup_LPC407x_8x_177x_8x.s
      At line 181 in file mbed-src/targets/cmsis/TARGET_NXP/TARGET_LPC408X/TOOL
CHAIN_ARM_STD/startup_LPC407x_8x_177x_8x.s

Reset_Handler 00000000

Symbol: Reset_Handler
   Definitions
      At line 107 in file mbed-src/targets/cmsis/TARGET_NXP/TARGET_LPC408X/TOOL
CHAIN_ARM_STD/startup_LPC407x_8x_177x_8x.s
   Uses
      At line 35 in file mbed-src/targets/cmsis/TARGET_NXP/TARGET_LPC408X/TOOLC
HAIN_ARM_STD/startup_LPC407x_8x_177x_8x.s
      At line 108 in file mbed-src/targets/cmsis/TARGET_NXP/TARGET_LPC408X/TOOL
CHAIN_ARM_STD/startup_LPC407x_8x_177x_8x.s

SSP0_IRQHandler 0000001A

Symbol: SSP0_IRQHandler
   Definitions
      At line 220 in file mbed-src/targets/cmsis/TARGET_NXP/TARGET_LPC408X/TOOL
CHAIN_ARM_STD/startup_LPC407x_8x_177x_8x.s
   Uses
      At line 67 in file mbed-src/targets/cmsis/TARGET_NXP/TARGET_LPC408X/TOOLC
HAIN_ARM_STD/startup_LPC407x_8x_177x_8x.s
      At line 178 in file mbed-src/targets/cmsis/TARGET_NXP/TARGET_LPC408X/TOOL
CHAIN_ARM_STD/startup_LPC407x_8x_177x_8x.s



ARM Macro Assembler    Page 8 Alphabetic symbol ordering
Relocatable symbols


SSP1_IRQHandler 0000001A

Symbol: SSP1_IRQHandler
   Definitions
      At line 221 in file mbed-src/targets/cmsis/TARGET_NXP/TARGET_LPC408X/TOOL
CHAIN_ARM_STD/startup_LPC407x_8x_177x_8x.s
   Uses
      At line 68 in file mbed-src/targets/cmsis/TARGET_NXP/TARGET_LPC408X/TOOLC
HAIN_ARM_STD/startup_LPC407x_8x_177x_8x.s
      At line 179 in file mbed-src/targets/cmsis/TARGET_NXP/TARGET_LPC408X/TOOL
CHAIN_ARM_STD/startup_LPC407x_8x_177x_8x.s

SSP2_IRQHandler 0000001A

Symbol: SSP2_IRQHandler
   Definitions
      At line 242 in file mbed-src/targets/cmsis/TARGET_NXP/TARGET_LPC408X/TOOL
CHAIN_ARM_STD/startup_LPC407x_8x_177x_8x.s
   Uses
      At line 89 in file mbed-src/targets/cmsis/TARGET_NXP/TARGET_LPC408X/TOOLC
HAIN_ARM_STD/startup_LPC407x_8x_177x_8x.s
      At line 200 in file mbed-src/targets/cmsis/TARGET_NXP/TARGET_LPC408X/TOOL
CHAIN_ARM_STD/startup_LPC407x_8x_177x_8x.s

SVC_Handler 00000012

Symbol: SVC_Handler
   Definitions
      At line 144 in file mbed-src/targets/cmsis/TARGET_NXP/TARGET_LPC408X/TOOL
CHAIN_ARM_STD/startup_LPC407x_8x_177x_8x.s
   Uses
      At line 46 in file mbed-src/targets/cmsis/TARGET_NXP/TARGET_LPC408X/TOOLC
HAIN_ARM_STD/startup_LPC407x_8x_177x_8x.s
      At line 145 in file mbed-src/targets/cmsis/TARGET_NXP/TARGET_LPC408X/TOOL
CHAIN_ARM_STD/startup_LPC407x_8x_177x_8x.s

SysTick_Handler 00000018

Symbol: SysTick_Handler
   Definitions
      At line 157 in file mbed-src/targets/cmsis/TARGET_NXP/TARGET_LPC408X/TOOL
CHAIN_ARM_STD/startup_LPC407x_8x_177x_8x.s
   Uses
      At line 50 in file mbed-src/targets/cmsis/TARGET_NXP/TARGET_LPC408X/TOOLC
HAIN_ARM_STD/startup_LPC407x_8x_177x_8x.s
      At line 158 in file mbed-src/targets/cmsis/TARGET_NXP/TARGET_LPC408X/TOOL
CHAIN_ARM_STD/startup_LPC407x_8x_177x_8x.s

TIMER0_IRQHandler 0000001A

Symbol: TIMER0_IRQHandler
   Definitions
      At line 207 in file mbed-src/targets/cmsis/TARGET_NXP/TARGET_LPC408X/TOOL
CHAIN_ARM_STD/startup_LPC407x_8x_177x_8x.s
   Uses
      At line 54 in file mbed-src/targets/cmsis/TARGET_NXP/TARGET_LPC408X/TOOLC
HAIN_ARM_STD/startup_LPC407x_8x_177x_8x.s
      At line 165 in file mbed-src/targets/cmsis/TARGET_NXP/TARGET_LPC408X/TOOL



ARM Macro Assembler    Page 9 Alphabetic symbol ordering
Relocatable symbols

CHAIN_ARM_STD/startup_LPC407x_8x_177x_8x.s

TIMER1_IRQHandler 0000001A

Symbol: TIMER1_IRQHandler
   Definitions
      At line 208 in file mbed-src/targets/cmsis/TARGET_NXP/TARGET_LPC408X/TOOL
CHAIN_ARM_STD/startup_LPC407x_8x_177x_8x.s
   Uses
      At line 55 in file mbed-src/targets/cmsis/TARGET_NXP/TARGET_LPC408X/TOOLC
HAIN_ARM_STD/startup_LPC407x_8x_177x_8x.s
      At line 166 in file mbed-src/targets/cmsis/TARGET_NXP/TARGET_LPC408X/TOOL
CHAIN_ARM_STD/startup_LPC407x_8x_177x_8x.s

TIMER2_IRQHandler 0000001A

Symbol: TIMER2_IRQHandler
   Definitions
      At line 209 in file mbed-src/targets/cmsis/TARGET_NXP/TARGET_LPC408X/TOOL
CHAIN_ARM_STD/startup_LPC407x_8x_177x_8x.s
   Uses
      At line 56 in file mbed-src/targets/cmsis/TARGET_NXP/TARGET_LPC408X/TOOLC
HAIN_ARM_STD/startup_LPC407x_8x_177x_8x.s
      At line 167 in file mbed-src/targets/cmsis/TARGET_NXP/TARGET_LPC408X/TOOL
CHAIN_ARM_STD/startup_LPC407x_8x_177x_8x.s

TIMER3_IRQHandler 0000001A

Symbol: TIMER3_IRQHandler
   Definitions
      At line 210 in file mbed-src/targets/cmsis/TARGET_NXP/TARGET_LPC408X/TOOL
CHAIN_ARM_STD/startup_LPC407x_8x_177x_8x.s
   Uses
      At line 57 in file mbed-src/targets/cmsis/TARGET_NXP/TARGET_LPC408X/TOOLC
HAIN_ARM_STD/startup_LPC407x_8x_177x_8x.s
      At line 168 in file mbed-src/targets/cmsis/TARGET_NXP/TARGET_LPC408X/TOOL
CHAIN_ARM_STD/startup_LPC407x_8x_177x_8x.s

UART0_IRQHandler 0000001A

Symbol: UART0_IRQHandler
   Definitions
      At line 211 in file mbed-src/targets/cmsis/TARGET_NXP/TARGET_LPC408X/TOOL
CHAIN_ARM_STD/startup_LPC407x_8x_177x_8x.s
   Uses
      At line 58 in file mbed-src/targets/cmsis/TARGET_NXP/TARGET_LPC408X/TOOLC
HAIN_ARM_STD/startup_LPC407x_8x_177x_8x.s
      At line 169 in file mbed-src/targets/cmsis/TARGET_NXP/TARGET_LPC408X/TOOL
CHAIN_ARM_STD/startup_LPC407x_8x_177x_8x.s

UART1_IRQHandler 0000001A

Symbol: UART1_IRQHandler
   Definitions
      At line 212 in file mbed-src/targets/cmsis/TARGET_NXP/TARGET_LPC408X/TOOL
CHAIN_ARM_STD/startup_LPC407x_8x_177x_8x.s
   Uses
      At line 59 in file mbed-src/targets/cmsis/TARGET_NXP/TARGET_LPC408X/TOOLC
HAIN_ARM_STD/startup_LPC407x_8x_177x_8x.s



ARM Macro Assembler    Page 10 Alphabetic symbol ordering
Relocatable symbols

      At line 170 in file mbed-src/targets/cmsis/TARGET_NXP/TARGET_LPC408X/TOOL
CHAIN_ARM_STD/startup_LPC407x_8x_177x_8x.s

UART2_IRQHandler 0000001A

Symbol: UART2_IRQHandler
   Definitions
      At line 213 in file mbed-src/targets/cmsis/TARGET_NXP/TARGET_LPC408X/TOOL
CHAIN_ARM_STD/startup_LPC407x_8x_177x_8x.s
   Uses
      At line 60 in file mbed-src/targets/cmsis/TARGET_NXP/TARGET_LPC408X/TOOLC
HAIN_ARM_STD/startup_LPC407x_8x_177x_8x.s
      At line 171 in file mbed-src/targets/cmsis/TARGET_NXP/TARGET_LPC408X/TOOL
CHAIN_ARM_STD/startup_LPC407x_8x_177x_8x.s

UART3_IRQHandler 0000001A

Symbol: UART3_IRQHandler
   Definitions
      At line 214 in file mbed-src/targets/cmsis/TARGET_NXP/TARGET_LPC408X/TOOL
CHAIN_ARM_STD/startup_LPC407x_8x_177x_8x.s
   Uses
      At line 61 in file mbed-src/targets/cmsis/TARGET_NXP/TARGET_LPC408X/TOOLC
HAIN_ARM_STD/startup_LPC407x_8x_177x_8x.s
      At line 172 in file mbed-src/targets/cmsis/TARGET_NXP/TARGET_LPC408X/TOOL
CHAIN_ARM_STD/startup_LPC407x_8x_177x_8x.s

UART4_IRQHandler 0000001A

Symbol: UART4_IRQHandler
   Definitions
      At line 241 in file mbed-src/targets/cmsis/TARGET_NXP/TARGET_LPC408X/TOOL
CHAIN_ARM_STD/startup_LPC407x_8x_177x_8x.s
   Uses
      At line 88 in file mbed-src/targets/cmsis/TARGET_NXP/TARGET_LPC408X/TOOLC
HAIN_ARM_STD/startup_LPC407x_8x_177x_8x.s
      At line 199 in file mbed-src/targets/cmsis/TARGET_NXP/TARGET_LPC408X/TOOL
CHAIN_ARM_STD/startup_LPC407x_8x_177x_8x.s

USBActivity_IRQHandler 0000001A

Symbol: USBActivity_IRQHandler
   Definitions
      At line 239 in file mbed-src/targets/cmsis/TARGET_NXP/TARGET_LPC408X/TOOL
CHAIN_ARM_STD/startup_LPC407x_8x_177x_8x.s
   Uses
      At line 86 in file mbed-src/targets/cmsis/TARGET_NXP/TARGET_LPC408X/TOOLC
HAIN_ARM_STD/startup_LPC407x_8x_177x_8x.s
      At line 197 in file mbed-src/targets/cmsis/TARGET_NXP/TARGET_LPC408X/TOOL
CHAIN_ARM_STD/startup_LPC407x_8x_177x_8x.s

USB_IRQHandler 0000001A

Symbol: USB_IRQHandler
   Definitions
      At line 230 in file mbed-src/targets/cmsis/TARGET_NXP/TARGET_LPC408X/TOOL
CHAIN_ARM_STD/startup_LPC407x_8x_177x_8x.s
   Uses
      At line 77 in file mbed-src/targets/cmsis/TARGET_NXP/TARGET_LPC408X/TOOLC



ARM Macro Assembler    Page 11 Alphabetic symbol ordering
Relocatable symbols

HAIN_ARM_STD/startup_LPC407x_8x_177x_8x.s
      At line 188 in file mbed-src/targets/cmsis/TARGET_NXP/TARGET_LPC408X/TOOL
CHAIN_ARM_STD/startup_LPC407x_8x_177x_8x.s

UsageFault_Handler 00000010

Symbol: UsageFault_Handler
   Definitions
      At line 140 in file mbed-src/targets/cmsis/TARGET_NXP/TARGET_LPC408X/TOOL
CHAIN_ARM_STD/startup_LPC407x_8x_177x_8x.s
   Uses
      At line 40 in file mbed-src/targets/cmsis/TARGET_NXP/TARGET_LPC408X/TOOLC
HAIN_ARM_STD/startup_LPC407x_8x_177x_8x.s
      At line 141 in file mbed-src/targets/cmsis/TARGET_NXP/TARGET_LPC408X/TOOL
CHAIN_ARM_STD/startup_LPC407x_8x_177x_8x.s

WDT_IRQHandler 0000001A

Symbol: WDT_IRQHandler
   Definitions
      At line 206 in file mbed-src/targets/cmsis/TARGET_NXP/TARGET_LPC408X/TOOL
CHAIN_ARM_STD/startup_LPC407x_8x_177x_8x.s
   Uses
      At line 53 in file mbed-src/targets/cmsis/TARGET_NXP/TARGET_LPC408X/TOOLC
HAIN_ARM_STD/startup_LPC407x_8x_177x_8x.s
      At line 164 in file mbed-src/targets/cmsis/TARGET_NXP/TARGET_LPC408X/TOOL
CHAIN_ARM_STD/startup_LPC407x_8x_177x_8x.s

52 symbols



ARM Macro Assembler    Page 1 Alphabetic symbol ordering
Absolute symbols

__initial_sp 10010000

Symbol: __initial_sp
   Definitions
      At line 24 in file mbed-src/targets/cmsis/TARGET_NXP/TARGET_LPC408X/TOOLC
HAIN_ARM_STD/startup_LPC407x_8x_177x_8x.s
   Uses
      At line 34 in file mbed-src/targets/cmsis/TARGET_NXP/TARGET_LPC408X/TOOLC
HAIN_ARM_STD/startup_LPC407x_8x_177x_8x.s
Comment: __initial_sp used once
1 symbol



ARM Macro Assembler    Page 1 Alphabetic symbol ordering
External symbols

SystemInit 00000000

Symbol: SystemInit
   Definitions
      At line 109 in file mbed-src/targets/cmsis/TARGET_NXP/TARGET_LPC408X/TOOL
CHAIN_ARM_STD/startup_LPC407x_8x_177x_8x.s
   Uses
      At line 111 in file mbed-src/targets/cmsis/TARGET_NXP/TARGET_LPC408X/TOOL
CHAIN_ARM_STD/startup_LPC407x_8x_177x_8x.s
Comment: SystemInit used once
__main 00000000

Symbol: __main
   Definitions
      At line 110 in file mbed-src/targets/cmsis/TARGET_NXP/TARGET_LPC408X/TOOL
CHAIN_ARM_STD/startup_LPC407x_8x_177x_8x.s
   Uses
      At line 113 in file mbed-src/targets/cmsis/TARGET_NXP/TARGET_LPC408X/TOOL
CHAIN_ARM_STD/startup_LPC407x_8x_177x_8x.s
Comment: __main used once
2 symbols
394 symbols in table
